<?xml version="1.0" encoding="UTF-8"?>
<!-- Generated by org.testng.reporters.JUnitReportReporter -->
<testsuite name="com.testng.yahoo.SnapDeal.SnapDealTestclass" tests="1" time="30.916" ignored="0" failures="0" timestamp="25 Feb 2017 06:23:32 GMT" skipped="0" hostname="Siva" errors="0">
  <testcase name="verifyExistenceOfOffers" time="30.916" classname="com.testng.yahoo.SnapDeal.SnapDealTestclass"/>
</testsuite> <!-- com.testng.yahoo.SnapDeal.SnapDealTestclass -->
