<?xml version="1.0" encoding="UTF-8"?>
<!-- Generated by org.testng.reporters.JUnitReportReporter -->
<testsuite name="com.testng.yahoo.SnapDeal.SnapDealTestclass" tests="1" time="91.479" ignored="0" failures="0" timestamp="26 Feb 2017 09:07:13 GMT" skipped="0" hostname="Siva" errors="0">
  <testcase name="verifyExistenceOfOffers" time="91.479" classname="com.testng.yahoo.SnapDeal.SnapDealTestclass"/>
</testsuite> <!-- com.testng.yahoo.SnapDeal.SnapDealTestclass -->
